0 info it worked if it ends with ok
1 verbose cli [ '/usr/local/bin/node',
1 verbose cli   '/usr/local/bin/npm',
1 verbose cli   'install',
1 verbose cli   'cdnify' ]
2 info using npm@1.2.32
3 info using node@v0.10.12
4 verbose read json /Users/Alex.Trebolle/Glass-Code/GP/POC/package.json
5 warn package.json poc@0.0.0 No repository field.
6 warn package.json poc@0.0.0 No readme data.
7 verbose read json /Users/Alex.Trebolle/Glass-Code/GP/POC/node_modules/connect-livereload/package.json
8 verbose read json /Users/Alex.Trebolle/Glass-Code/GP/POC/node_modules/grunt/package.json
9 verbose read json /Users/Alex.Trebolle/Glass-Code/GP/POC/node_modules/grunt-concurrent/package.json
10 verbose read json /Users/Alex.Trebolle/Glass-Code/GP/POC/node_modules/grunt-contrib-clean/package.json
11 verbose read json /Users/Alex.Trebolle/Glass-Code/GP/POC/node_modules/grunt-contrib-coffee/package.json
12 verbose read json /Users/Alex.Trebolle/Glass-Code/GP/POC/node_modules/grunt-contrib-compass/package.json
13 verbose read json /Users/Alex.Trebolle/Glass-Code/GP/POC/node_modules/grunt-contrib-concat/package.json
14 verbose read json /Users/Alex.Trebolle/Glass-Code/GP/POC/node_modules/grunt-contrib-connect/package.json
15 verbose read json /Users/Alex.Trebolle/Glass-Code/GP/POC/node_modules/grunt-contrib-copy/package.json
16 verbose read json /Users/Alex.Trebolle/Glass-Code/GP/POC/node_modules/grunt-contrib-cssmin/package.json
17 verbose read json /Users/Alex.Trebolle/Glass-Code/GP/POC/node_modules/grunt-contrib-htmlmin/package.json
18 verbose read json /Users/Alex.Trebolle/Glass-Code/GP/POC/node_modules/grunt-contrib-imagemin/package.json
19 verbose read json /Users/Alex.Trebolle/Glass-Code/GP/POC/node_modules/grunt-contrib-uglify/package.json
20 verbose read json /Users/Alex.Trebolle/Glass-Code/GP/POC/node_modules/grunt-contrib-watch/package.json
21 verbose read json /Users/Alex.Trebolle/Glass-Code/GP/POC/node_modules/grunt-google-cdn/package.json
22 verbose read json /Users/Alex.Trebolle/Glass-Code/GP/POC/node_modules/grunt-karma/package.json
23 verbose read json /Users/Alex.Trebolle/Glass-Code/GP/POC/node_modules/grunt-ngmin/package.json
24 verbose read json /Users/Alex.Trebolle/Glass-Code/GP/POC/node_modules/grunt-open/package.json
25 verbose read json /Users/Alex.Trebolle/Glass-Code/GP/POC/node_modules/grunt-rev/package.json
26 verbose read json /Users/Alex.Trebolle/Glass-Code/GP/POC/node_modules/grunt-svgmin/package.json
27 verbose read json /Users/Alex.Trebolle/Glass-Code/GP/POC/node_modules/grunt-usemin/package.json
28 verbose read json /Users/Alex.Trebolle/Glass-Code/GP/POC/node_modules/matchdep/package.json
29 verbose from cache /Users/Alex.Trebolle/Glass-Code/GP/POC/package.json
30 verbose readDependencies using package.json deps
31 verbose cache add [ 'cdnify', null ]
32 verbose cache add name=undefined spec="cdnify" args=["cdnify",null]
33 verbose parsed url { protocol: null,
33 verbose parsed url   slashes: null,
33 verbose parsed url   auth: null,
33 verbose parsed url   host: null,
33 verbose parsed url   port: null,
33 verbose parsed url   hostname: null,
33 verbose parsed url   hash: null,
33 verbose parsed url   search: null,
33 verbose parsed url   query: null,
33 verbose parsed url   pathname: 'cdnify',
33 verbose parsed url   path: 'cdnify',
33 verbose parsed url   href: 'cdnify' }
34 silly lockFile 1cc3c3d2-cdnify cdnify
35 verbose lock cdnify /Users/Alex.Trebolle/.npm/1cc3c3d2-cdnify.lock
36 silly lockFile 1cc3c3d2-cdnify cdnify
37 silly lockFile 1cc3c3d2-cdnify cdnify
38 verbose addNamed [ 'cdnify', '' ]
39 verbose addNamed [ null, '' ]
40 silly lockFile 841f5637-cdnify cdnify@
41 verbose lock cdnify@ /Users/Alex.Trebolle/.npm/841f5637-cdnify.lock
42 silly addNameRange { name: 'cdnify', range: '', hasData: false }
43 verbose url raw cdnify
44 verbose url resolving [ 'https://registry.npmjs.org/', './cdnify' ]
45 verbose url resolved https://registry.npmjs.org/cdnify
46 info trying registry request attempt 1 at 13:22:04
47 http GET https://registry.npmjs.org/cdnify
48 http 404 https://registry.npmjs.org/cdnify
49 silly registry.get cb [ 404,
49 silly registry.get   { date: 'Thu, 17 Jul 2014 11:22:05 GMT',
49 silly registry.get     server: 'CouchDB/1.5.0 (Erlang OTP/R16B03)',
49 silly registry.get     'content-type': 'application/json',
49 silly registry.get     'cache-control': 'max-age=0',
49 silly registry.get     'content-length': '52',
49 silly registry.get     'accept-ranges': 'bytes',
49 silly registry.get     via: '1.1 varnish',
49 silly registry.get     age: '0',
49 silly registry.get     'x-served-by': 'cache-lo82-LHR',
49 silly registry.get     'x-cache': 'MISS',
49 silly registry.get     'x-cache-hits': '0',
49 silly registry.get     'x-timer': 'S1405596125.572712,VS0,VE92',
49 silly registry.get     'keep-alive': 'timeout=10, max=50',
49 silly registry.get     connection: 'Keep-Alive' } ]
50 silly lockFile 841f5637-cdnify cdnify@
51 silly lockFile 841f5637-cdnify cdnify@
52 error 404 'cdnify' is not in the npm registry.
52 error 404 You should bug the author to publish it
52 error 404
52 error 404 Note that you can also install from a
52 error 404 tarball, folder, or http url, or git url.
53 error System Darwin 11.4.2
54 error command "/usr/local/bin/node" "/usr/local/bin/npm" "install" "cdnify"
55 error cwd /Users/Alex.Trebolle/Glass-Code/GP/POC
56 error node -v v0.10.12
57 error npm -v 1.2.32
58 error code E404
59 verbose exit [ 1, true ]
